<?xml version="1.0" encoding="UTF-8"?>
<testng-results ignored="0" total="1" passed="1" failed="0" skipped="0">
  <reporter-output>
  </reporter-output>
  <suite started-at="2021-02-19T17:00:36 IST" name="Default suite" finished-at="2021-02-19T17:00:47 IST" duration-ms="10527">
    <groups>
    </groups>
    <test started-at="2021-02-19T17:00:36 IST" name="Default test" finished-at="2021-02-19T17:00:47 IST" duration-ms="10527">
      <class name="com.practice.testng.BasicTestNG.TestNGTest">
        <test-method is-config="true" signature="beforeMethod()[pri:0, instance:com.practice.testng.BasicTestNG.TestNGTest@1eb5174b]" started-at="2021-02-19T17:00:36 IST" name="beforeMethod" finished-at="2021-02-19T17:00:46 IST" duration-ms="9675" status="PASS">
          <reporter-output>
          </reporter-output>
        </test-method> <!-- beforeMethod -->
        <test-method signature="f()[pri:0, instance:com.practice.testng.BasicTestNG.TestNGTest@1eb5174b]" started-at="2021-02-19T17:00:46 IST" name="f" finished-at="2021-02-19T17:00:46 IST" duration-ms="21" status="PASS">
          <reporter-output>
          </reporter-output>
        </test-method> <!-- f -->
        <test-method is-config="true" signature="afterMethod()[pri:0, instance:com.practice.testng.BasicTestNG.TestNGTest@1eb5174b]" started-at="2021-02-19T17:00:46 IST" name="afterMethod" finished-at="2021-02-19T17:00:47 IST" duration-ms="781" status="PASS">
          <reporter-output>
          </reporter-output>
        </test-method> <!-- afterMethod -->
      </class> <!-- com.practice.testng.BasicTestNG.TestNGTest -->
    </test> <!-- Default test -->
  </suite> <!-- Default suite -->
</testng-results>
